<?xml version="1.0" encoding="UTF-8"?><testsuite errors="0" failures="1" name="academy Choucair" skipped="0" tests="1" time="38.52" timestamp="2020-11-08 06:41:01"><testcase name="Search for a automation cours"><failure message="Expected enabled element was not enabled" type="net.thucydides.core.webdriver.exceptions.ElementShouldBeEnabledException">Expected enabled element was not enabled</failure><system-err>Expected enabled element was not enabled&#13;
GradleCucumber00.task.Search.performAs(Search.java:24)&#13;
GradleCucumber00.stepdefinitions.ChoucairAcademyStepDefinitions.heSearchForTheCourseISTQBOnTheChocairAcademyPlataform(ChoucairAcademyStepDefinitions.java:32)&#13;
cucumber.runner.Runner.runPickle(Runner.java:80)&#13;
org.eclipse.jdt.internal.junit4.runner.JUnit4TestReference.run(JUnit4TestReference.java:89)&#13;
org.eclipse.jdt.internal.junit.runner.TestExecution.run(TestExecution.java:41)&#13;
org.eclipse.jdt.internal.junit.runner.RemoteTestRunner.runTests(RemoteTestRunner.java:541)&#13;
org.eclipse.jdt.internal.junit.runner.RemoteTestRunner.runTests(RemoteTestRunner.java:763)&#13;
org.eclipse.jdt.internal.junit.runner.RemoteTestRunner.run(RemoteTestRunner.java:463)&#13;
org.eclipse.jdt.internal.junit.runner.RemoteTestRunner.main(RemoteTestRunner.java:209)&#13;
</system-err></testcase></testsuite>